<?xml version="1.0" encoding="UTF-8"?>
<!-- Generated by org.testng.reporters.JUnitReportReporter -->
<testsuite skipped="0" hostname="decimal-DEC0730" name="project1.NewTest" tests="1" failures="0" timestamp="07 Feb 2019 06:53:03 GMT" time="0.010" errors="0">
  <testcase name="opentext" time="0.010" classname="project1.NewTest"/>
</testsuite> <!-- project1.NewTest -->
