<?xml version="1.0" encoding="UTF-8"?>
<!-- Generated by org.testng.reporters.JUnitReportReporter -->
<testsuite skipped="0" hostname="decimal-DEC0730" name="project1.T1" tests="1" failures="0" timestamp="06 Feb 2019 12:42:30 GMT" time="0.612" errors="0">
  <testcase name="Datadrive" time="0.612" classname="project1.T1"/>
</testsuite> <!-- project1.T1 -->
