<?xml version="1.0" encoding="UTF-8"?>
<!-- Generated by org.testng.reporters.JUnitReportReporter -->
<testsuite skipped="0" hostname="decimal-DEC0730" name="project1.T1" tests="1" failures="0" timestamp="07 Feb 2019 06:53:03 GMT" time="0.670" errors="0">
  <testcase name="Datadrive" time="0.670" classname="project1.T1"/>
</testsuite> <!-- project1.T1 -->
