<?xml version="1.0" encoding="UTF-8"?>
<!-- Generated by org.testng.reporters.JUnitReportReporter -->
<testsuite skipped="0" hostname="decimal-DEC0730" name="project1.NewTest" tests="1" failures="0" timestamp="11 Feb 2019 08:49:25 GMT" time="0.011" errors="0">
  <testcase name="opentext" time="0.011" classname="project1.NewTest"/>
</testsuite> <!-- project1.NewTest -->
