<?xml version="1.0" encoding="UTF-8"?>
<!-- Generated by org.testng.reporters.JUnitReportReporter -->
<testsuite skipped="0" hostname="decimal-DEC0730" name="project1.NewTest" tests="1" failures="0" timestamp="13 Feb 2019 12:37:00 GMT" time="0.016" errors="0">
  <testcase name="opentext" time="0.016" classname="project1.NewTest"/>
</testsuite> <!-- project1.NewTest -->
