<?xml version="1.0" encoding="UTF-8"?>
<!-- Generated by org.testng.reporters.JUnitReportReporter -->
<testsuite skipped="0" hostname="decimal-DEC0730" name="project1.WebLaunch" tests="1" failures="0" timestamp="14 Feb 2019 06:16:08 GMT" time="0.002" errors="0">
  <testcase name="Launch" time="0.002" classname="project1.WebLaunch"/>
</testsuite> <!-- project1.WebLaunch -->
